android/app/build/outputs/mapping/release/seeds.txt
com.doomshell.nusearchpharma.MainActivity: MainActivity()
com.doomshell.nusearchpharma.MainActivity
com.doomshell.nusearchpharma.MainApplication
com.doomshell.nusearchpharma.MainApplication: MainApplication()
...
com.google.android.material.chip.Chip: void setRippleColorResource(int)
com.google.android.material.R$style: int Widget_MaterialComponents_TextInputLayout_OutlinedBox_Dense_ExposedDropdownMenu
com.google.android.material.R$animator: int mtrl_extended_fab_show_motion_spec
com.facebook.react.bridge.JavaOnlyMap$1: JavaOnlyMap$1(com.facebook.react.bridge.JavaOnlyMap)
androidx.core.R$id: int tag_unhandled_key_listeners
com.google.firebase.analytics.FirebaseAnalytics: com.google.firebase.analytics.FirebaseAnalytics getInstance(android.content.Context)
com.google.android.material.R$attr: int tickMarkTintMode
com.google.android.material.R$style: int Widget_MaterialComponents_TabLayout_Colored
com.google.android.material.R$style: int Widget_MaterialComponents_MaterialCalendar_Day_Invalid
androidx.appcompat.R$id: int accessibility_custom_action_10
com.google.android.material.R$dimen: int mtrl_calendar_bottom_padding
com.facebook.react.R$style: int Base_Widget_AppCompat_Light_ActionBar_TabText
com.google.android.material.floatingactionbutton.FloatingActionButton$Behavior: FloatingActionButton$Behavior(android.content.Context,android.util.AttributeSet)
androidx.appcompat.R$attr: int thumbTextPadding
com.google.android.material.R$attr: int colorOnPrimary
com.facebook.react.modules.network.NetworkingModule: java.util.List mResponseHandlers
androidx.appcompat.R$styleable: int SearchView_android_maxWidth
com.facebook.react.views.image.ImageResizeMethod: com.facebook.react.views.image.ImageResizeMethod valueOf(java.lang.String)
com.swmansion.rnscreens.ScreenContainerViewManager: com.swmansion.rnscreens.ScreenContainer createViewInstance(com.facebook.react.uimanager.ThemedReactContext)
androidx.appcompat.resources.R$styleable: int ColorStateListItem_android_alpha
com.facebook.react.modules.storage.AsyncStorageModule: boolean access$000(com.facebook.react.modules.storage.AsyncStorageModule)
com.google.android.material.R$attr: int titleTextStyle
com.facebook.yoga.YogaNative: void jni_YGNodeStyleSetMaxHeightPercentJNI(long,float)
com.google.android.material.R$style: int Widget_AppCompat_Light_ActionBar_TabBar_Inverse
com.facebook.react.bridge.JavaMethodWrapper: java.lang.String mType
com.facebook.react.views.slider.ReactSlider: void setValue(double)
com.facebook.react.turbomodule.core.TurboModuleManager: void initialize()
com.google.android.material.R$string: int mtrl_picker_invalid_format_example
com.facebook.react.bridge.ReactMarkerConstants: com.facebook.react.bridge.ReactMarkerConstants ROOT_VIEW_UPDATE_LAYOUT_SPECS_START
com.google.android.gms.internal.firebase-auth-api.zzmk: android.os.Parcelable$Creator CREATOR
com.facebook.react.turbomodule.core.TurboModuleManager: boolean sIsSoLibraryLoaded
com.facebook.react.fabric.events.EventEmitterWrapper: com.facebook.jni.HybridData mHybridData
com.google.android.material.textfield.TextInputLayout: int getErrorCurrentTextColors()
com.google.android.material.R$attr: int listChoiceIndicatorMultipleAnimated
com.learnium.RNDeviceInfo.RNDeviceModule: java.lang.String BATTERY_LEVEL
com.google.android.gms.internal.firebase-auth-api.zzlu: android.os.Parcelable$Creator CREATOR
com.facebook.react.modules.camera.ImageStoreManager: java.lang.String convertInputStreamToBase64OutputStream(java.io.InputStream)
androidx.appcompat.widget.LinearLayoutCompat: int getDividerWidth()
com.facebook.react.views.image.ReactImageManager: void setResizeMode(com.facebook.react.views.image.ReactImageView,java.lang.String)
com.google.android.gms.internal.measurement.zzfy: com.google.android.gms.internal.measurement.zzfu zzad
com.facebook.react.views.view.ReactViewManager: void setOpacity(com.facebook.react.views.view.ReactViewGroup,float)
androidx.appcompat.R$drawable: int abc_scrubber_primary_mtrl_alpha
com.facebook.imagepipeline.nativecode.DalvikPurgeableDecoder$OreoUtils
com.facebook.fbreact.specs.NativeClipboardSpec: NativeClipboardSpec(com.facebook.react.bridge.ReactApplicationContext)