android/app/build/outputs/mapping/release/usage.txt
com.doomshell.nusearchpharma.R$anim
com.doomshell.nusearchpharma.R$id
com.doomshell.nusearchpharma.R$interpolator
com.doomshell.nusearchpharma.R$mipmap
com.doomshell.nusearchpharma.R$bool
com.doomshell.nusearchpharma.R$animator
com.doomshell.nusearchpharma.R$color
com.doomshell.nusearchpharma.R$dimen
com.doomshell.nusearchpharma.R$style
com.doomshell.nusearchpharma.R$xml
com.doomshell.nusearchpharma.R$drawable
com.doomshell.nusearchpharma.R$layout
com.doomshell.nusearchpharma.BuildConfig
com.doomshell.nusearchpharma.R$attr
com.doomshell.nusearchpharma.R$styleable
com.doomshell.nusearchpharma.R$integer
com.doomshell.nusearchpharma.R$plurals
com.doomshell.nusearchpharma.R$string
com.doomshell.nusearchpharma.R
com.doomshell.nusearchpharma.MainApplication:
    public static void initializeFlipper()
com.doomshell.nusearchpharma.MainActivity:
    public java.lang.String getMainComponentName()
com.doomshell.nusearchpharma.MainApplication$1:
    public boolean getUseDeveloperSupport()
    public java.util.List getPackages()
    public java.lang.String getJSMainModuleName()
    public final synthetic com.doomshell.nusearchpharma.MainApplication this$0
...
androidx.core.app.NotificationCompat$InboxStyle
androidx.transition.Slide$3
androidx.recyclerview.widget.DiffUtil$DiffResult
org.reactnative.maskedview.R$color
com.google.android.gms.common.ConnectionResult:
    public void startResolutionForResult(android.app.Activity,int)
    public static final int UNKNOWN
    public static final int SUCCESS
    public static final int SERVICE_MISSING
    public static final int SERVICE_VERSION_UPDATE_REQUIRED
    public static final int SERVICE_DISABLED
    public static final int SIGN_IN_REQUIRED
    public static final int INVALID_ACCOUNT
    public static final int RESOLUTION_REQUIRED
    public static final int NETWORK_ERROR
    public static final int INTERNAL_ERROR
    public static final int SERVICE_INVALID
    public static final int DEVELOPER_ERROR
    public static final int LICENSE_CHECK_FAILED
    public static final int CANCELED
    public static final int TIMEOUT
    public static final int INTERRUPTED
    public static final int API_UNAVAILABLE
    public static final int SIGN_IN_FAILED
    public static final int SERVICE_UPDATING
    public static final int SERVICE_MISSING_PERMISSION
    public static final int RESTRICTED_PROFILE
    public static final int RESOLUTION_ACTIVITY_NOT_FOUND
    public static final int API_DISABLED
    public static final int API_DISABLED_FOR_CONNECTION
    public static final int DRIVE_EXTERNAL_STORAGE_REQUIRED
okio.CipherSource
com.swmansion.rnscreens.StackFinishTransitioningEvent:
    public static final java.lang.String EVENT_NAME
androidx.core.text.TextUtilsCompat:
    public static java.lang.String htmlEncode(java.lang.String)
    private void <init>()
    private static final java.lang.String ARAB_SCRIPT_SUBTAG
    private static final java.lang.String HEBR_SCRIPT_SUBTAG
com.facebook.hermes.instrumentation.HermesMemoryDumper
androidx.appcompat.resources.R$style
com.google.android.gms.internal.firebase-auth-api.zzux:
    public final com.google.android.gms.internal.firebase-auth-api.zzux zzi(com.google.firebase.auth.PhoneAuthProvider$OnVerificationStateChangedCallbacks,android.app.Activity,java.util.concurrent.Executor,java.lang.String)
androidx.core.app.NotificationCompat$Action$WearableExtender
com.facebook.nativefilters.BuildConfig
me.leolin.shortcutbadger.impl.AsusHomeBadger
com.google.android.material.internal.NavigationMenuPresenter$1
com.facebook.react.viewmanagers.AndroidViewPagerManagerDelegate
com.google.android.gms.iid.zzs
androidx.core.view.ViewCompat$Api21Impl
android.support.v4.os.ResultReceiver$MyRunnable
com.google.android.gms.internal.common.zzab
androidx.browser.browseractions.BrowserActionsFallbackMenuAdapter
com.google.firebase.messaging.Constants$AnalyticsKeys
com.facebook.react.devsupport.DevSupportManagerBase$14
com.google.android.material.drawable.DrawableUtils:
    private void <init>()
    public static android.util.AttributeSet parseDrawableXml(android.content.Context,int,java.lang.CharSequence)
com.reactnativecommunity.asyncstorage.ReactDatabaseSupplier:
    public static void deleteInstance()
    public synchronized void setMaximumSize(long)
    public static final java.lang.String DATABASE_NAME
    private static final int DATABASE_VERSION
    private static final int SLEEP_TIME_MS
    static final java.lang.String TABLE_CATALYST
    static final java.lang.String KEY_COLUMN
    static final java.lang.String VALUE_COLUMN
    static final java.lang.String VERSION_TABLE_CREATE
com.facebook.cache.disk.DiskStorage:
    public abstract boolean isEnabled()
    public abstract com.facebook.cache.disk.DiskStorage$DiskDumpInfo getDumpInfo()
    public abstract java.lang.String getStorageName()
kotlin.comparisons.ComparisonsKt__ComparisonsKt$thenByDescending$2
com.google.android.gms.safetynet.zzi
androidx.versionedparcelable.ParcelImpl:
    public void <init>(androidx.versionedparcelable.VersionedParcelable)
    public androidx.versionedparcelable.VersionedParcelable getVersionedParcel()